{"C:\\Users\\adity\\OneDrive\\Desktop\\codes\\keploy\\server\\app.js": {"path":"C:\\Users\\adity\\OneDrive\\Desktop\\codes\\keploy\\server\\app.js","statementMap":{"0":{"start":{"line":1,"column":16},"end":{"line":1,"column":34}},"1":{"start":{"line":2,"column":17},"end":{"line":2,"column":36}},"2":{"start":{"line":3,"column":13},"end":{"line":3,"column":37}},"3":{"start":{"line":4,"column":12},"end":{"line":4,"column":21}},"4":{"start":{"line":6,"column":0},"end":{"line":6,"column":24}},"5":{"start":{"line":8,"column":0},"end":{"line":11,"column":3}},"6":{"start":{"line":9,"column":16},"end":{"line":9,"column":33}},"7":{"start":{"line":10,"column":2},"end":{"line":10,"column":18}},"8":{"start":{"line":13,"column":0},"end":{"line":16,"column":3}},"9":{"start":{"line":14,"column":15},"end":{"line":14,"column":42}},"10":{"start":{"line":15,"column":2},"end":{"line":15,"column":29}},"11":{"start":{"line":18,"column":0},"end":{"line":21,"column":3}},"12":{"start":{"line":19,"column":15},"end":{"line":19,"column":83}},"13":{"start":{"line":20,"column":2},"end":{"line":20,"column":17}},"14":{"start":{"line":23,"column":0},"end":{"line":26,"column":3}},"15":{"start":{"line":24,"column":2},"end":{"line":24,"column":46}},"16":{"start":{"line":25,"column":2},"end":{"line":25,"column":40}},"17":{"start":{"line":28,"column":0},"end":{"line":28,"column":21}}},"fnMap":{"0":{"name":"(anonymous_0)","decl":{"start":{"line":8,"column":22},"end":{"line":8,"column":23}},"loc":{"start":{"line":8,"column":42},"end":{"line":11,"column":1}},"line":8},"1":{"name":"(anonymous_1)","decl":{"start":{"line":13,"column":23},"end":{"line":13,"column":24}},"loc":{"start":{"line":13,"column":43},"end":{"line":16,"column":1}},"line":13},"2":{"name":"(anonymous_2)","decl":{"start":{"line":18,"column":26},"end":{"line":18,"column":27}},"loc":{"start":{"line":18,"column":46},"end":{"line":21,"column":1}},"line":18},"3":{"name":"(anonymous_3)","decl":{"start":{"line":23,"column":29},"end":{"line":23,"column":30}},"loc":{"start":{"line":23,"column":49},"end":{"line":26,"column":1}},"line":23}},"branchMap":{},"s":{"0":1,"1":1,"2":1,"3":1,"4":1,"5":1,"6":1,"7":1,"8":1,"9":1,"10":1,"11":1,"12":1,"13":1,"14":1,"15":1,"16":1,"17":1},"f":{"0":1,"1":1,"2":1,"3":1},"b":{},"_coverageSchema":"1a1c01bbd47fc00a2c39e90264f33305004495a9","hash":"cde8c34d2a9a0a00dfc478ef4848875a222d968a"}
,"C:\\Users\\adity\\OneDrive\\Desktop\\codes\\keploy\\server\\models\\User.js": {"path":"C:\\Users\\adity\\OneDrive\\Desktop\\codes\\keploy\\server\\models\\User.js","statementMap":{"0":{"start":{"line":1,"column":17},"end":{"line":1,"column":36}},"1":{"start":{"line":3,"column":19},"end":{"line":7,"column":2}},"2":{"start":{"line":9,"column":0},"end":{"line":9,"column":52}}},"fnMap":{},"branchMap":{},"s":{"0":3,"1":3,"2":3},"f":{},"b":{},"_coverageSchema":"1a1c01bbd47fc00a2c39e90264f33305004495a9","hash":"5a47d016e9cb933243d5c50a056783135f42153e"}
}
